<?xml version="1.0" encoding="UTF-8"?>
<testng-results ignored="0" total="7" passed="7" failed="0" skipped="0">
  <reporter-output>
  </reporter-output>
  <suite started-at="2023-09-28T09:59:42 CDT" name="Default suite" finished-at="2023-09-28T10:00:01 CDT" duration-ms="18985">
    <groups>
      <group name="cucumber">
        <method signature="AbstractTestNGCucumberTests.runScenario(io.cucumber.testng.PickleWrapper,io.cucumber.testng.FeatureWrapper)[pri:0, instance:com.dsAlgo.runner.Runner@15de0b3c]" name="runScenario" class="io.cucumber.testng.AbstractTestNGCucumberTests"/>
      </group> <!-- cucumber -->
    </groups>
    <test started-at="2023-09-28T09:59:42 CDT" name="Default test" finished-at="2023-09-28T10:00:01 CDT" duration-ms="18985">
      <class name="com.dsAlgo.runner.Runner">
        <test-method is-config="true" signature="setUpClass(org.testng.ITestContext)[pri:0, instance:com.dsAlgo.runner.Runner@15de0b3c]" started-at="2023-09-28T09:59:42 CDT" name="setUpClass" finished-at="2023-09-28T09:59:50 CDT" duration-ms="7601" status="PASS">
          <params>
            <param index="0">
              <value>
                <![CDATA[org.testng.TestRunner@34c62fdf]]>
              </value>
            </param>
          </params>
          <reporter-output>
          </reporter-output>
        </test-method> <!-- setUpClass -->
        <test-method signature="runScenario(io.cucumber.testng.PickleWrapper,io.cucumber.testng.FeatureWrapper)[pri:0, instance:com.dsAlgo.runner.Runner@15de0b3c]" started-at="2023-09-28T09:59:50 CDT" name="runScenario" description="Runs Cucumber Scenarios" data-provider="scenarios" finished-at="2023-09-28T09:59:53 CDT" duration-ms="3131" status="PASS">
          <params>
            <param index="0">
              <value>
                <![CDATA["User launch the dsAlgo application"]]>
              </value>
            </param>
            <param index="1">
              <value>
                <![CDATA["dsAlgo:001 launching the ds portal application"]]>
              </value>
            </param>
          </params>
          <reporter-output>
          </reporter-output>
        </test-method> <!-- runScenario -->
        <test-method signature="runScenario(io.cucumber.testng.PickleWrapper,io.cucumber.testng.FeatureWrapper)[pri:0, instance:com.dsAlgo.runner.Runner@15de0b3c]" started-at="2023-09-28T09:59:53 CDT" name="runScenario" description="Runs Cucumber Scenarios" data-provider="scenarios" finished-at="2023-09-28T09:59:55 CDT" duration-ms="1659" status="PASS">
          <params>
            <param index="0">
              <value>
                <![CDATA[""]]>
              </value>
            </param>
            <param index="1">
              <value>
                <![CDATA["dsAlgo:008 Data Structures feature and functionality test"]]>
              </value>
            </param>
          </params>
          <reporter-output>
          </reporter-output>
        </test-method> <!-- runScenario -->
        <test-method signature="runScenario(io.cucumber.testng.PickleWrapper,io.cucumber.testng.FeatureWrapper)[pri:0, instance:com.dsAlgo.runner.Runner@15de0b3c]" started-at="2023-09-28T09:59:55 CDT" name="runScenario" description="Runs Cucumber Scenarios" data-provider="scenarios" finished-at="2023-09-28T09:59:56 CDT" duration-ms="765" status="PASS">
          <params>
            <param index="0">
              <value>
                <![CDATA["The user is able to navigate to Data Structure page"]]>
              </value>
            </param>
            <param index="1">
              <value>
                <![CDATA["dsAlgo:008 Data Structures feature and functionality test"]]>
              </value>
            </param>
          </params>
          <reporter-output>
          </reporter-output>
        </test-method> <!-- runScenario -->
        <test-method signature="runScenario(io.cucumber.testng.PickleWrapper,io.cucumber.testng.FeatureWrapper)[pri:0, instance:com.dsAlgo.runner.Runner@15de0b3c]" started-at="2023-09-28T09:59:56 CDT" name="runScenario" description="Runs Cucumber Scenarios" data-provider="scenarios" finished-at="2023-09-28T09:59:57 CDT" duration-ms="1272" status="PASS">
          <params>
            <param index="0">
              <value>
                <![CDATA["User validates Time Complexity link page"]]>
              </value>
            </param>
            <param index="1">
              <value>
                <![CDATA["dsAlgo:008 Data Structures feature and functionality test"]]>
              </value>
            </param>
          </params>
          <reporter-output>
          </reporter-output>
        </test-method> <!-- runScenario -->
        <test-method signature="runScenario(io.cucumber.testng.PickleWrapper,io.cucumber.testng.FeatureWrapper)[pri:0, instance:com.dsAlgo.runner.Runner@15de0b3c]" started-at="2023-09-28T09:59:57 CDT" name="runScenario" description="Runs Cucumber Scenarios" data-provider="scenarios" finished-at="2023-09-28T09:59:57 CDT" duration-ms="338" status="PASS">
          <params>
            <param index="0">
              <value>
                <![CDATA["User validates Practice Questions page"]]>
              </value>
            </param>
            <param index="1">
              <value>
                <![CDATA["dsAlgo:008 Data Structures feature and functionality test"]]>
              </value>
            </param>
          </params>
          <reporter-output>
          </reporter-output>
        </test-method> <!-- runScenario -->
        <test-method signature="runScenario(io.cucumber.testng.PickleWrapper,io.cucumber.testng.FeatureWrapper)[pri:0, instance:com.dsAlgo.runner.Runner@15de0b3c]" started-at="2023-09-28T09:59:57 CDT" name="runScenario" description="Runs Cucumber Scenarios" data-provider="scenarios" finished-at="2023-09-28T10:00:00 CDT" duration-ms="2847" status="PASS">
          <params>
            <param index="0">
              <value>
                <![CDATA["User validates error message for Time Complexity in try editor page for invalid code"]]>
              </value>
            </param>
            <param index="1">
              <value>
                <![CDATA["dsAlgo:008 Data Structures feature and functionality test"]]>
              </value>
            </param>
          </params>
          <reporter-output>
          </reporter-output>
        </test-method> <!-- runScenario -->
        <test-method signature="runScenario(io.cucumber.testng.PickleWrapper,io.cucumber.testng.FeatureWrapper)[pri:0, instance:com.dsAlgo.runner.Runner@15de0b3c]" started-at="2023-09-28T10:00:00 CDT" name="runScenario" description="Runs Cucumber Scenarios" data-provider="scenarios" finished-at="2023-09-28T10:00:01 CDT" duration-ms="636" status="PASS">
          <params>
            <param index="0">
              <value>
                <![CDATA["User on login page and trying to sign out"]]>
              </value>
            </param>
            <param index="1">
              <value>
                <![CDATA["dsAlgo:008 Data Structures feature and functionality test"]]>
              </value>
            </param>
          </params>
          <reporter-output>
          </reporter-output>
        </test-method> <!-- runScenario -->
        <test-method is-config="true" signature="tearDownClass()[pri:0, instance:com.dsAlgo.runner.Runner@15de0b3c]" started-at="2023-09-28T10:00:01 CDT" name="tearDownClass" finished-at="2023-09-28T10:00:01 CDT" duration-ms="537" status="PASS">
          <reporter-output>
          </reporter-output>
        </test-method> <!-- tearDownClass -->
      </class> <!-- com.dsAlgo.runner.Runner -->
    </test> <!-- Default test -->
  </suite> <!-- Default suite -->
</testng-results>
